<?xml version="1.0" encoding="UTF-8"?>
<testsuite xmlns:xsi="http://www.w3.org/2001/XMLSchema-instance" xsi:noNamespaceSchemaLocation="https://maven.apache.org/surefire/maven-surefire-plugin/xsd/surefire-test-report-3.0.xsd" version="3.0" name="com.smart_hire.job.service.JobServiceImplTest" time="0.364" tests="4" errors="0" skipped="0" failures="0">
  <properties>
[...]
</properties>
  <testcase name="shouldRejectUnknownStatus" classname="com.smart_hire.job.service.JobServiceImplTest" time="0.307"/>
  <testcase name="shouldCreateDraftJob" classname="com.smart_hire.job.service.JobServiceImplTest" time="0.013"/>
  <testcase name="shouldUpdateJobDetails" classname="com.smart_hire.job.service.JobServiceImplTest" time="0.004"/>
  <testcase name="shouldReturnJobsForRecruiter" classname="com.smart_hire.job.service.JobServiceImplTest" time="0.025"/>
</testsuite>